<testsuites id="" name="" tests="1" failures="0" skipped="0" errors="0" time="48786.166843">
<testsuite name="API\tests\orders\ordersValidation.spec.ts" timestamp="2024-08-28T20:00:51.112Z" hostname="chromium" tests="1" failures="0" skipped="0" time="48784.205" errors="0">
<testcase name="Checking how many orders were created before the current date" classname="API\tests\orders\ordersValidation.spec.ts" time="48784.205">
<system-out>
<![CDATA[The number of orders created before the current date is 35
]]>
</system-out>
</testcase>
</testsuite>
</testsuites>